
Gurobi 9.1.2 (win64, Java) logging started Mon Sep 20 20:31:00 2021

Academic license - for non-commercial use only - expires 2021-11-17
Gurobi Optimizer version 9.1.2 build v9.1.2rc0 (win64)
Thread count: 8 physical cores, 16 logical processors, using up to 16 threads
Optimize a model with 2 rows, 3 columns and 5 nonzeros
Model fingerprint: 0xc501370b
Model has 5 quadratic objective terms
Coefficient statistics:
  Matrix range     [1e+00, 3e+00]
  Objective range  [2e+00, 2e+00]
  QObjective range [2e+00, 2e+00]
  Bounds range     [1e+00, 1e+00]
  RHS range        [1e+00, 4e+00]
Presolve time: 0.01s
Presolved: 2 rows, 3 columns, 5 nonzeros
Presolved model has 5 quadratic objective terms
Ordering time: 0.00s

Barrier statistics:
 Free vars  : 2
 AA' NZ     : 6.000e+00
 Factor NZ  : 1.000e+01
 Factor Ops : 3.000e+01 (less than 1 second per iteration)
 Threads    : 1

                  Objective                Residual
Iter       Primal          Dual         Primal    Dual     Compl     Time
   0   1.69015022e+05 -1.71012100e+05  1.50e+03 3.33e+02  1.00e+06     0s
   1   3.60255402e+04 -3.91306233e+04  2.28e+02 3.82e+01  1.20e+05     0s
   2   4.14685168e+00 -4.40925173e+03  1.80e+00 4.00e-01  1.83e+03     0s
   3   2.81937163e+00 -1.92736174e+03  1.80e-06 4.00e-07  2.41e+02     0s
   4   2.81628339e+00 -1.81287557e-01  8.60e-10 1.91e-10  3.75e-01     0s
   5   2.26977145e+00  2.06670895e+00  6.89e-12 1.53e-12  2.54e-02     0s
   6   2.11498124e+00  2.11029644e+00  0.00e+00 2.22e-16  5.86e-04     0s
   7   2.11111498e+00  2.11111030e+00  0.00e+00 2.50e-16  5.85e-07     0s
   8   2.11111111e+00  2.11111111e+00  0.00e+00 4.62e-17  5.86e-10     0s

Barrier solved model in 8 iterations and 0.02 seconds
Optimal objective 2.11111111e+00

Gurobi Optimizer version 9.1.2 build v9.1.2rc0 (win64)
Thread count: 8 physical cores, 16 logical processors, using up to 16 threads
Optimize a model with 2 rows, 3 columns and 5 nonzeros
Model fingerprint: 0x026954d2
Model has 5 quadratic objective terms
Variable types: 0 continuous, 3 integer (0 binary)
Coefficient statistics:
  Matrix range     [1e+00, 3e+00]
  Objective range  [2e+00, 2e+00]
  QObjective range [2e+00, 2e+00]
  Bounds range     [1e+00, 1e+00]
  RHS range        [1e+00, 4e+00]
Found heuristic solution: objective 7.0000000
Presolve removed 1 rows and 1 columns
Presolve time: 0.01s
Presolved: 2 rows, 3 columns, 5 nonzeros
Variable types: 0 continuous, 3 integer (3 binary)

Root relaxation: objective 3.000000e+00, 1 iterations, 0.00 seconds

    Nodes    |    Current Node    |     Objective Bounds      |     Work
 Expl Unexpl |  Obj  Depth IntInf | Incumbent    BestBd   Gap | It/Node Time

*    0     0               0       3.0000000    3.00000  0.00%     -    0s

Explored 0 nodes (1 simplex iterations) in 0.02 seconds
Thread count was 16 (of 16 available processors)

Solution count 2: 3 7 

Optimal solution found (tolerance 1.00e-04)
Best objective 3.000000000000e+00, best bound 3.000000000000e+00, gap 0.0000%

Gurobi 9.1.2 (win64, Java) logging started Mon Sep 20 20:34:42 2021

Academic license - for non-commercial use only - expires 2021-11-17
Gurobi Optimizer version 9.1.2 build v9.1.2rc0 (win64)
Thread count: 8 physical cores, 16 logical processors, using up to 16 threads
Optimize a model with 2 rows, 3 columns and 5 nonzeros
Model fingerprint: 0xe6f007c4
Model has 5 quadratic objective terms
Coefficient statistics:
  Matrix range     [1e+00, 3e+00]
  Objective range  [2e+00, 2e+00]
  QObjective range [2e+00, 2e+00]
  Bounds range     [0e+00, 0e+00]
  RHS range        [1e+00, 4e+00]
Presolve time: 0.00s
Presolved: 2 rows, 3 columns, 5 nonzeros
Presolved model has 5 quadratic objective terms
Ordering time: 0.00s

Barrier statistics:
 Free vars  : 2
 AA' NZ     : 6.000e+00
 Factor NZ  : 1.000e+01
 Factor Ops : 3.000e+01 (less than 1 second per iteration)
 Threads    : 1

                  Objective                Residual
Iter       Primal          Dual         Primal    Dual     Compl     Time
   0   1.68862999e+05 -1.66862803e+05  1.50e+03 4.63e-07  9.99e+05     0s
   1   3.32288030e+05 -3.31121401e+05  1.50e-03 4.55e-13  1.33e+05     0s
   2   4.88215027e+04 -4.83744738e+04  1.50e-09 2.84e-14  1.94e+04     0s
   3   7.20552197e+03 -7.03403484e+03  4.97e-14 2.84e-14  2.85e+03     0s
   4   1.07582166e+03 -1.00982226e+03  2.84e-14 7.11e-15  4.17e+02     0s
   5   1.65319400e+02 -1.39657698e+02  8.88e-15 1.78e-15  6.10e+01     0s
   6   2.72141305e+01 -1.68504217e+01  1.78e-15 2.66e-15  8.81e+00     0s
   7   5.34776479e+00 -4.13214640e-01  4.44e-16 6.66e-16  1.15e+00     0s
   8   2.27046251e+00  2.04615758e+00  2.22e-16 2.22e-16  4.49e-02     0s
   9   2.11217859e+00  2.11101837e+00  8.22e-15 4.44e-16  2.32e-04     0s
  10   2.11111218e+00  2.11111102e+00  4.44e-15 2.22e-16  2.32e-07     0s
  11   2.11111111e+00  2.11111111e+00  4.22e-15 2.22e-16  2.32e-10     0s

Barrier solved model in 11 iterations and 0.01 seconds
Optimal objective 2.11111111e+00

Gurobi Optimizer version 9.1.2 build v9.1.2rc0 (win64)
Thread count: 8 physical cores, 16 logical processors, using up to 16 threads
Optimize a model with 2 rows, 3 columns and 5 nonzeros
Model fingerprint: 0x2458258b
Model has 5 quadratic objective terms
Variable types: 0 continuous, 3 integer (0 binary)
Coefficient statistics:
  Matrix range     [1e+00, 3e+00]
  Objective range  [2e+00, 2e+00]
  QObjective range [2e+00, 2e+00]
  Bounds range     [0e+00, 0e+00]
  RHS range        [1e+00, 4e+00]
Found heuristic solution: objective 2.000000e+19
Presolve time: 0.00s
Presolved: 2 rows, 3 columns, 5 nonzeros
Presolved model has 5 quadratic objective terms
Variable types: 0 continuous, 3 integer (0 binary)

Root relaxation: objective 2.111111e+00, 5 iterations, 0.00 seconds

    Nodes    |    Current Node    |     Objective Bounds      |     Work
 Expl Unexpl |  Obj  Depth IntInf | Incumbent    BestBd   Gap | It/Node Time

     0     0    2.11111    0    1 2.0000e+19    2.11111   100%     -    0s
H    0     0                       3.0000000    2.11111  29.6%     -    0s
     0     0    2.11111    0    1    3.00000    2.11111  29.6%     -    0s

Explored 1 nodes (5 simplex iterations) in 0.02 seconds
Thread count was 16 (of 16 available processors)

Solution count 2: 3 2e+19 

Optimal solution found (tolerance 1.00e-04)
Best objective 3.000000000000e+00, best bound 3.000000000000e+00, gap 0.0000%

Gurobi 9.1.2 (win64, Java) logging started Mon Sep 20 20:34:53 2021

Academic license - for non-commercial use only - expires 2021-11-17
Gurobi Optimizer version 9.1.2 build v9.1.2rc0 (win64)
Thread count: 8 physical cores, 16 logical processors, using up to 16 threads
Optimize a model with 2 rows, 3 columns and 5 nonzeros
Model fingerprint: 0xeef76aef
Model has 5 quadratic objective terms
Coefficient statistics:
  Matrix range     [1e+00, 3e+00]
  Objective range  [2e+00, 2e+00]
  QObjective range [2e+00, 6e+00]
  Bounds range     [0e+00, 0e+00]
  RHS range        [1e+00, 4e+00]
Presolve time: 0.00s
Presolved: 2 rows, 3 columns, 5 nonzeros
Presolved model has 5 quadratic objective terms
Ordering time: 0.00s

Barrier statistics:
 Free vars  : 2
 AA' NZ     : 6.000e+00
 Factor NZ  : 1.000e+01
 Factor Ops : 3.000e+01 (less than 1 second per iteration)
 Threads    : 1

                  Objective                Residual
Iter       Primal          Dual         Primal    Dual     Compl     Time
   0   1.84022188e+05 -1.82022137e+05  1.27e+03 6.13e-07  9.99e+05     0s
   1   3.23726044e+05 -3.22769668e+05  1.27e-03 6.82e-13  1.29e+05     0s
   2   4.75429333e+04 -4.71759054e+04  1.27e-09 4.26e-14  1.89e+04     0s
   3   7.00911678e+03 -6.86782440e+03  2.13e-14 1.42e-14  2.78e+03     0s
   4   1.04377283e+03 -9.88926915e+02  7.11e-15 3.20e-14  4.07e+02     0s
   5   1.59572356e+02 -1.37795868e+02  3.55e-15 1.78e-15  5.95e+01     0s
   6   2.61550219e+01 -1.69325861e+01  1.33e-15 8.88e-16  8.62e+00     0s
   7   5.25003161e+00 -5.05245216e-01  4.44e-16 4.44e-16  1.15e+00     0s
   8   2.24919019e+00  2.00963572e+00  8.33e-17 1.11e-16  4.79e-02     0s
   9   2.11510316e+00  2.11097550e+00  2.22e-16 1.11e-16  8.26e-04     0s
  10   2.11111508e+00  2.11111100e+00  1.91e-14 0.00e+00  8.16e-07     0s
  11   2.11111112e+00  2.11111111e+00  1.22e-14 4.44e-16  8.17e-10     0s

Barrier solved model in 11 iterations and 0.01 seconds
Optimal objective 2.11111112e+00

Gurobi Optimizer version 9.1.2 build v9.1.2rc0 (win64)
Thread count: 8 physical cores, 16 logical processors, using up to 16 threads
Optimize a model with 2 rows, 3 columns and 5 nonzeros
Model fingerprint: 0x2c5f88b6
Model has 5 quadratic objective terms
Variable types: 0 continuous, 3 integer (0 binary)
Coefficient statistics:
  Matrix range     [1e+00, 3e+00]
  Objective range  [2e+00, 2e+00]
  QObjective range [2e+00, 6e+00]
  Bounds range     [0e+00, 0e+00]
  RHS range        [1e+00, 4e+00]
Found heuristic solution: objective 2.800000e+19
Presolve time: 0.00s
Presolved: 2 rows, 3 columns, 5 nonzeros
Presolved model has 5 quadratic objective terms
Variable types: 0 continuous, 3 integer (0 binary)

Root relaxation: objective 2.111111e+00, 5 iterations, 0.00 seconds

    Nodes    |    Current Node    |     Objective Bounds      |     Work
 Expl Unexpl |  Obj  Depth IntInf | Incumbent    BestBd   Gap | It/Node Time

     0     0    2.11111    0    1 2.8000e+19    2.11111   100%     -    0s
H    0     0                       3.0000000    2.11111  29.6%     -    0s
     0     0    2.11111    0    1    3.00000    2.11111  29.6%     -    0s

Explored 1 nodes (5 simplex iterations) in 0.03 seconds
Thread count was 16 (of 16 available processors)

Solution count 2: 3 2.8e+19 

Optimal solution found (tolerance 1.00e-04)
Best objective 3.000000000000e+00, best bound 3.000000000000e+00, gap 0.0000%

Gurobi 9.1.2 (win64, Java) logging started Mon Sep 20 20:35:06 2021

Academic license - for non-commercial use only - expires 2021-11-17
Gurobi Optimizer version 9.1.2 build v9.1.2rc0 (win64)
Thread count: 8 physical cores, 16 logical processors, using up to 16 threads
Optimize a model with 2 rows, 3 columns and 5 nonzeros
Model fingerprint: 0x7ab60ff2
Model has 4 quadratic objective terms
Coefficient statistics:
  Matrix range     [1e+00, 3e+00]
  Objective range  [2e+00, 2e+00]
  QObjective range [2e+00, 2e+00]
  Bounds range     [0e+00, 0e+00]
  RHS range        [1e+00, 4e+00]

Gurobi 9.1.2 (win64, Java) logging started Mon Sep 20 20:35:16 2021

Academic license - for non-commercial use only - expires 2021-11-17
Gurobi Optimizer version 9.1.2 build v9.1.2rc0 (win64)
Thread count: 8 physical cores, 16 logical processors, using up to 16 threads
Optimize a model with 2 rows, 3 columns and 5 nonzeros
Model fingerprint: 0xeef76aef
Model has 5 quadratic objective terms
Coefficient statistics:
  Matrix range     [1e+00, 3e+00]
  Objective range  [2e+00, 2e+00]
  QObjective range [2e+00, 6e+00]
  Bounds range     [0e+00, 0e+00]
  RHS range        [1e+00, 4e+00]
Presolve time: 0.00s
Presolved: 2 rows, 3 columns, 5 nonzeros
Presolved model has 5 quadratic objective terms
Ordering time: 0.00s

Barrier statistics:
 Free vars  : 2
 AA' NZ     : 6.000e+00
 Factor NZ  : 1.000e+01
 Factor Ops : 3.000e+01 (less than 1 second per iteration)
 Threads    : 1

                  Objective                Residual
Iter       Primal          Dual         Primal    Dual     Compl     Time
   0   1.84022188e+05 -1.82022137e+05  1.27e+03 6.13e-07  9.99e+05     0s
   1   3.23726044e+05 -3.22769668e+05  1.27e-03 6.82e-13  1.29e+05     0s
   2   4.75429333e+04 -4.71759054e+04  1.27e-09 4.26e-14  1.89e+04     0s
   3   7.00911678e+03 -6.86782440e+03  2.13e-14 1.42e-14  2.78e+03     0s
   4   1.04377283e+03 -9.88926915e+02  7.11e-15 3.20e-14  4.07e+02     0s
   5   1.59572356e+02 -1.37795868e+02  3.55e-15 1.78e-15  5.95e+01     0s
   6   2.61550219e+01 -1.69325861e+01  1.33e-15 8.88e-16  8.62e+00     0s
   7   5.25003161e+00 -5.05245216e-01  4.44e-16 4.44e-16  1.15e+00     0s
   8   2.24919019e+00  2.00963572e+00  8.33e-17 1.11e-16  4.79e-02     0s
   9   2.11510316e+00  2.11097550e+00  2.22e-16 1.11e-16  8.26e-04     0s
  10   2.11111508e+00  2.11111100e+00  1.91e-14 0.00e+00  8.16e-07     0s
  11   2.11111112e+00  2.11111111e+00  1.22e-14 4.44e-16  8.17e-10     0s

Barrier solved model in 11 iterations and 0.01 seconds
Optimal objective 2.11111112e+00

Gurobi Optimizer version 9.1.2 build v9.1.2rc0 (win64)
Thread count: 8 physical cores, 16 logical processors, using up to 16 threads
Optimize a model with 2 rows, 3 columns and 5 nonzeros
Model fingerprint: 0x2c5f88b6
Model has 5 quadratic objective terms
Variable types: 0 continuous, 3 integer (0 binary)
Coefficient statistics:
  Matrix range     [1e+00, 3e+00]
  Objective range  [2e+00, 2e+00]
  QObjective range [2e+00, 6e+00]
  Bounds range     [0e+00, 0e+00]
  RHS range        [1e+00, 4e+00]
Found heuristic solution: objective 2.800000e+19
Presolve time: 0.00s
Presolved: 2 rows, 3 columns, 5 nonzeros
Presolved model has 5 quadratic objective terms
Variable types: 0 continuous, 3 integer (0 binary)

Root relaxation: objective 2.111111e+00, 5 iterations, 0.00 seconds

    Nodes    |    Current Node    |     Objective Bounds      |     Work
 Expl Unexpl |  Obj  Depth IntInf | Incumbent    BestBd   Gap | It/Node Time

     0     0    2.11111    0    1 2.8000e+19    2.11111   100%     -    0s
H    0     0                       3.0000000    2.11111  29.6%     -    0s
     0     0    2.11111    0    1    3.00000    2.11111  29.6%     -    0s

Explored 1 nodes (5 simplex iterations) in 0.02 seconds
Thread count was 16 (of 16 available processors)

Solution count 2: 3 2.8e+19 

Optimal solution found (tolerance 1.00e-04)
Best objective 3.000000000000e+00, best bound 3.000000000000e+00, gap 0.0000%

Gurobi 9.1.2 (win64, Java) logging started Mon Sep 20 20:35:43 2021

Academic license - for non-commercial use only - expires 2021-11-17
Gurobi Optimizer version 9.1.2 build v9.1.2rc0 (win64)
Thread count: 8 physical cores, 16 logical processors, using up to 16 threads
Optimize a model with 2 rows, 3 columns and 5 nonzeros
Model fingerprint: 0x49dcf811
Model has 5 quadratic objective terms
Coefficient statistics:
  Matrix range     [1e+00, 3e+00]
  Objective range  [5e+00, 5e+00]
  QObjective range [6e+00, 8e+00]
  Bounds range     [0e+00, 0e+00]
  RHS range        [1e+00, 4e+00]
Presolve time: 0.00s
Presolved: 2 rows, 3 columns, 5 nonzeros
Presolved model has 5 quadratic objective terms
Ordering time: 0.00s

Barrier statistics:
 Free vars  : 2
 AA' NZ     : 6.000e+00
 Factor NZ  : 1.000e+01
 Factor Ops : 3.000e+01 (less than 1 second per iteration)
 Threads    : 1

                  Objective                Residual
Iter       Primal          Dual         Primal    Dual     Compl     Time
   0   1.61372646e+05 -1.56372402e+05  1.67e+03 1.81e-07  1.00e+06     0s
   1   2.91948305e+05 -2.89701670e+05  1.67e-03 1.42e-13  1.16e+05     0s
   2   4.30377857e+04 -4.21814496e+04  1.67e-09 2.84e-14  1.70e+04     0s
   3   6.40618685e+03 -6.07792186e+03  7.11e-15 2.84e-14  2.50e+03     0s
   4   9.77458753e+02 -8.49730253e+02  3.55e-15 1.42e-14  3.65e+02     0s
   5   1.58753493e+02 -1.06879420e+02  4.44e-15 8.88e-16  5.31e+01     0s
   6   3.03489828e+01 -6.21338726e+00  8.88e-16 1.78e-15  7.31e+00     0s
   7   9.91695622e+00  6.92755734e+00  1.11e-16 8.88e-16  5.98e-01     0s
   8   8.60216891e+00  8.38295803e+00  1.11e-15 4.44e-16  4.38e-02     0s
   9   8.44771798e+00  8.44423647e+00  1.11e-15 5.69e-16  6.96e-04     0s
  10   8.44444771e+00  8.44444424e+00  3.67e-14 3.86e-16  6.93e-07     0s
  11   8.44444445e+00  8.44444444e+00  1.47e-14 2.22e-16  6.93e-10     0s

Barrier solved model in 11 iterations and 0.00 seconds
Optimal objective 8.44444445e+00

Gurobi Optimizer version 9.1.2 build v9.1.2rc0 (win64)
Thread count: 8 physical cores, 16 logical processors, using up to 16 threads
Optimize a model with 2 rows, 3 columns and 5 nonzeros
Model fingerprint: 0x874515d8
Model has 5 quadratic objective terms
Variable types: 0 continuous, 3 integer (0 binary)
Coefficient statistics:
  Matrix range     [1e+00, 3e+00]
  Objective range  [5e+00, 5e+00]
  QObjective range [6e+00, 8e+00]
  Bounds range     [0e+00, 0e+00]
  RHS range        [1e+00, 4e+00]
Found heuristic solution: objective 7.600000e+19
Presolve time: 0.00s
Presolved: 2 rows, 3 columns, 5 nonzeros
Presolved model has 5 quadratic objective terms
Variable types: 0 continuous, 3 integer (0 binary)

Root relaxation: objective 8.444444e+00, 5 iterations, 0.00 seconds

    Nodes    |    Current Node    |     Objective Bounds      |     Work
 Expl Unexpl |  Obj  Depth IntInf | Incumbent    BestBd   Gap | It/Node Time

     0     0    8.44444    0    1 7.6000e+19    8.44444   100%     -    0s
H    0     0                      12.0000000    8.44444  29.6%     -    0s

Explored 1 nodes (5 simplex iterations) in 0.02 seconds
Thread count was 16 (of 16 available processors)

Solution count 2: 12 7.6e+19 

Optimal solution found (tolerance 1.00e-04)
Best objective 1.200000000000e+01, best bound 1.200000000000e+01, gap 0.0000%

Gurobi 9.1.2 (win64, Java) logging started Mon Sep 20 20:35:54 2021

Academic license - for non-commercial use only - expires 2021-11-17
Gurobi Optimizer version 9.1.2 build v9.1.2rc0 (win64)
Thread count: 8 physical cores, 16 logical processors, using up to 16 threads
Optimize a model with 2 rows, 3 columns and 5 nonzeros
Model fingerprint: 0xe6f007c4
Model has 5 quadratic objective terms
Coefficient statistics:
  Matrix range     [1e+00, 3e+00]
  Objective range  [2e+00, 2e+00]
  QObjective range [2e+00, 2e+00]
  Bounds range     [0e+00, 0e+00]
  RHS range        [1e+00, 4e+00]
Presolve time: 0.00s
Presolved: 2 rows, 3 columns, 5 nonzeros
Presolved model has 5 quadratic objective terms
Ordering time: 0.00s

Barrier statistics:
 Free vars  : 2
 AA' NZ     : 6.000e+00
 Factor NZ  : 1.000e+01
 Factor Ops : 3.000e+01 (less than 1 second per iteration)
 Threads    : 1

                  Objective                Residual
Iter       Primal          Dual         Primal    Dual     Compl     Time
   0   1.68862999e+05 -1.66862803e+05  1.50e+03 4.63e-07  9.99e+05     0s
   1   3.32288030e+05 -3.31121401e+05  1.50e-03 4.55e-13  1.33e+05     0s
   2   4.88215027e+04 -4.83744738e+04  1.50e-09 2.84e-14  1.94e+04     0s
   3   7.20552197e+03 -7.03403484e+03  4.97e-14 2.84e-14  2.85e+03     0s
   4   1.07582166e+03 -1.00982226e+03  2.84e-14 7.11e-15  4.17e+02     0s
   5   1.65319400e+02 -1.39657698e+02  8.88e-15 1.78e-15  6.10e+01     0s
   6   2.72141305e+01 -1.68504217e+01  1.78e-15 2.66e-15  8.81e+00     0s
   7   5.34776479e+00 -4.13214640e-01  4.44e-16 6.66e-16  1.15e+00     0s
   8   2.27046251e+00  2.04615758e+00  2.22e-16 2.22e-16  4.49e-02     0s
   9   2.11217859e+00  2.11101837e+00  8.22e-15 4.44e-16  2.32e-04     0s
  10   2.11111218e+00  2.11111102e+00  4.44e-15 2.22e-16  2.32e-07     0s
  11   2.11111111e+00  2.11111111e+00  4.22e-15 2.22e-16  2.32e-10     0s

Barrier solved model in 11 iterations and 0.00 seconds
Optimal objective 2.11111111e+00

Gurobi Optimizer version 9.1.2 build v9.1.2rc0 (win64)
Thread count: 8 physical cores, 16 logical processors, using up to 16 threads
Optimize a model with 2 rows, 3 columns and 5 nonzeros
Model fingerprint: 0x2458258b
Model has 5 quadratic objective terms
Variable types: 0 continuous, 3 integer (0 binary)
Coefficient statistics:
  Matrix range     [1e+00, 3e+00]
  Objective range  [2e+00, 2e+00]
  QObjective range [2e+00, 2e+00]
  Bounds range     [0e+00, 0e+00]
  RHS range        [1e+00, 4e+00]
Found heuristic solution: objective 2.000000e+19
Presolve time: 0.00s
Presolved: 2 rows, 3 columns, 5 nonzeros
Presolved model has 5 quadratic objective terms
Variable types: 0 continuous, 3 integer (0 binary)

Root relaxation: objective 2.111111e+00, 5 iterations, 0.00 seconds

    Nodes    |    Current Node    |     Objective Bounds      |     Work
 Expl Unexpl |  Obj  Depth IntInf | Incumbent    BestBd   Gap | It/Node Time

     0     0    2.11111    0    1 2.0000e+19    2.11111   100%     -    0s
H    0     0                       3.0000000    2.11111  29.6%     -    0s
     0     0    2.11111    0    1    3.00000    2.11111  29.6%     -    0s

Explored 1 nodes (5 simplex iterations) in 0.02 seconds
Thread count was 16 (of 16 available processors)

Solution count 2: 3 2e+19 

Optimal solution found (tolerance 1.00e-04)
Best objective 3.000000000000e+00, best bound 3.000000000000e+00, gap 0.0000%

Gurobi 9.1.2 (win64, Java) logging started Wed Sep 22 18:08:32 2021

Academic license - for non-commercial use only - expires 2021-11-17
Gurobi Optimizer version 9.1.2 build v9.1.2rc0 (win64)
Thread count: 8 physical cores, 16 logical processors, using up to 16 threads
Optimize a model with 2 rows, 3 columns and 5 nonzeros
Model fingerprint: 0xe6f007c4
Model has 5 quadratic objective terms
Coefficient statistics:
  Matrix range     [1e+00, 3e+00]
  Objective range  [2e+00, 2e+00]
  QObjective range [2e+00, 2e+00]
  Bounds range     [0e+00, 0e+00]
  RHS range        [1e+00, 4e+00]
Presolve time: 0.00s
Presolved: 2 rows, 3 columns, 5 nonzeros
Presolved model has 5 quadratic objective terms
Ordering time: 0.00s

Barrier statistics:
 Free vars  : 2
 AA' NZ     : 6.000e+00
 Factor NZ  : 1.000e+01
 Factor Ops : 3.000e+01 (less than 1 second per iteration)
 Threads    : 1

                  Objective                Residual
Iter       Primal          Dual         Primal    Dual     Compl     Time
   0   1.68862999e+05 -1.66862803e+05  1.50e+03 4.63e-07  9.99e+05     0s
   1   3.32288030e+05 -3.31121401e+05  1.50e-03 4.55e-13  1.33e+05     0s
   2   4.88215027e+04 -4.83744738e+04  1.50e-09 2.84e-14  1.94e+04     0s
   3   7.20552197e+03 -7.03403484e+03  4.97e-14 2.84e-14  2.85e+03     0s
   4   1.07582166e+03 -1.00982226e+03  2.84e-14 7.11e-15  4.17e+02     0s
   5   1.65319400e+02 -1.39657698e+02  8.88e-15 1.78e-15  6.10e+01     0s
   6   2.72141305e+01 -1.68504217e+01  1.78e-15 2.66e-15  8.81e+00     0s
   7   5.34776479e+00 -4.13214640e-01  4.44e-16 6.66e-16  1.15e+00     0s
   8   2.27046251e+00  2.04615758e+00  2.22e-16 2.22e-16  4.49e-02     0s
   9   2.11217859e+00  2.11101837e+00  8.22e-15 4.44e-16  2.32e-04     0s
  10   2.11111218e+00  2.11111102e+00  4.44e-15 2.22e-16  2.32e-07     0s
  11   2.11111111e+00  2.11111111e+00  4.22e-15 2.22e-16  2.32e-10     0s

Barrier solved model in 11 iterations and 0.01 seconds
Optimal objective 2.11111111e+00

Gurobi Optimizer version 9.1.2 build v9.1.2rc0 (win64)
Thread count: 8 physical cores, 16 logical processors, using up to 16 threads
Optimize a model with 2 rows, 3 columns and 5 nonzeros
Model fingerprint: 0x2458258b
Model has 5 quadratic objective terms
Variable types: 0 continuous, 3 integer (0 binary)
Coefficient statistics:
  Matrix range     [1e+00, 3e+00]
  Objective range  [2e+00, 2e+00]
  QObjective range [2e+00, 2e+00]
  Bounds range     [0e+00, 0e+00]
  RHS range        [1e+00, 4e+00]
Found heuristic solution: objective 2.000000e+19
Presolve time: 0.00s
Presolved: 2 rows, 3 columns, 5 nonzeros
Presolved model has 5 quadratic objective terms
Variable types: 0 continuous, 3 integer (0 binary)

Root relaxation: objective 2.111111e+00, 5 iterations, 0.00 seconds

    Nodes    |    Current Node    |     Objective Bounds      |     Work
 Expl Unexpl |  Obj  Depth IntInf | Incumbent    BestBd   Gap | It/Node Time

     0     0    2.11111    0    1 2.0000e+19    2.11111   100%     -    0s
H    0     0                       3.0000000    2.11111  29.6%     -    0s
     0     0    2.11111    0    1    3.00000    2.11111  29.6%     -    0s

Explored 1 nodes (5 simplex iterations) in 0.02 seconds
Thread count was 16 (of 16 available processors)

Solution count 2: 3 2e+19 

Optimal solution found (tolerance 1.00e-04)
Best objective 3.000000000000e+00, best bound 3.000000000000e+00, gap 0.0000%
